<?xml version="1.0" encoding="UTF-8"?>
<!-- Generated by org.testng.reporters.JUnitXMLReporter -->
<testsuite ignored="5" hostname="DESKTOP-5UKM8NQ" failures="4" tests="29" name="Aggregator" time="245.411" errors="0" timestamp="2023-06-08T11:57:47 IST">
  <testcase classname="selenium.scripts.SME.Aggregator.AggregatorLoginPage" name="test01_AggregatorLoginPage" time="5.319"/>
  <testcase classname="selenium.scripts.SME.Aggregator.AggregatorLoginPage" name="test02_AggregatorInvalidCredentialsPage" time="1.868"/>
  <testcase classname="selenium.scripts.SME.Aggregator.AggregatorLoginPage" name="test03_AggregatorPasswordvisibilityCheck" time="0.172"/>
  <testcase classname="selenium.scripts.SME.Aggregator.AggregatorLoginPage" name="test04_AggregatorDashboardPage" time="3.52"/>
  <testcase classname="selenium.scripts.SME.Aggregator.LandingPageDashboardhome" name="test01_AggregatorDashboardPage" time="2.529"/>
  <testcase classname="selenium.scripts.SME.Aggregator.LandingPageDashboardhome" name="test02_AggregatorSMEParticipationTable" time="2.039"/>
  <testcase classname="selenium.scripts.SME.Aggregator.LandingPageDashboardhome" name="test03_AggregatorAdminPage" time="0.002"/>
  <testcase classname="selenium.scripts.SME.Aggregator.LandingPageDashboardhome" name="test04_AggregatorViewerPage" time="1.132"/>
  <testcase classname="selenium.scripts.SME.Aggregator.AggregatorToolAddandInviteSMEusers" name="test_01AggregatorToolLandingPage" time="2.346"/>
  <testcase classname="selenium.scripts.SME.Aggregator.AggregatorToolAddandInviteSMEusers" name="test_02AddanSMEuserPage" time="0.548">
    <failure type="java.lang.AssertionError" message="expected [SME business name] but found [SME name]">
      <![CDATA[java.lang.AssertionError: expected [SME business name] but found [SME name]
at selenium.scripts.SME.Aggregator.AggregatorToolAddandInviteSMEusers.test_02AddanSMEuserPage(AggregatorToolAddandInviteSMEusers.java:59)
at java.base/java.util.ArrayList.forEach(ArrayList.java:1511)
... Removed 31 stack frames]]>
    </failure>
  </testcase> <!-- test_02AddanSMEuserPage -->
  <testcase classname="selenium.scripts.SME.Aggregator.AggregatorToolAddandInviteSMEusers" name="test_03ValidateEnteredDetails" time="32.344">
    <failure type="org.openqa.selenium.NoSuchElementException" message="no such element: Unable to locate element: {&amp;quot;method&amp;quot;:&amp;quot;xpath&amp;quot;,&amp;quot;selector&amp;quot;:&amp;quot;(//mat-error[contains(@class,&amp;apos;at-mdc-form-field-error&amp;apos;)])[2]&amp;quot;}
  (Session info: chrome=114.0.5735.110)
For documentation on this error, please visit: https://selenium.dev/exceptions/#no_such_element
Build info: version: &amp;apos;4.8.3&amp;apos;, revision: &amp;apos;e5e76298c3&amp;apos;
System info: os.name: &amp;apos;Windows 10&amp;apos;, os.arch: &amp;apos;amd64&amp;apos;, os.version: &amp;apos;10.0&amp;apos;, java.version: &amp;apos;20.0.1&amp;apos;
Driver info: org.openqa.selenium.chrome.ChromeDriver
Command: [bdb902b34c02928fcfc369d0da28a2bf, findElement {using=xpath, value=(//mat-error[contains(@class,&amp;apos;at-mdc-form-field-error&amp;apos;)])[2]}]
Capabilities {acceptInsecureCerts: false, browserName: chrome, browserVersion: 114.0.5735.110, chrome: {chromedriverVersion: 114.0.5735.90 (386bc09e8f4f..., userDataDir: C:\Users\DELL\AppData\Local...}, goog:chromeOptions: {debuggerAddress: localhost:59920}, networkConnectionEnabled: false, pageLoadStrategy: normal, platformName: WINDOWS, proxy: Proxy(), se:cdp: ws://localhost:59920/devtoo..., se:cdpVersion: 114.0.5735.110, setWindowRect: true, strictFileInteractability: false, timeouts: {implicit: 0, pageLoad: 300000, script: 30000}, unhandledPromptBehavior: dismiss and notify, webauthn:extension:credBlob: true, webauthn:extension:largeBlob: true, webauthn:extension:minPinLength: true, webauthn:extension:prf: true, webauthn:virtualAuthenticators: true}
Session ID: bdb902b34c02928fcfc369d0da28a2bf">
      <![CDATA[org.openqa.selenium.NoSuchElementException: no such element: Unable to locate element: {"method":"xpath","selector":"(//mat-error[contains(@class,'at-mdc-form-field-error')])[2]"}
  (Session info: chrome=114.0.5735.110)
For documentation on this error, please visit: https://selenium.dev/exceptions/#no_such_element
Build info: version: '4.8.3', revision: 'e5e76298c3'
System info: os.name: 'Windows 10', os.arch: 'amd64', os.version: '10.0', java.version: '20.0.1'
Driver info: org.openqa.selenium.chrome.ChromeDriver
Command: [bdb902b34c02928fcfc369d0da28a2bf, findElement {using=xpath, value=(//mat-error[contains(@class,'at-mdc-form-field-error')])[2]}]
Capabilities {acceptInsecureCerts: false, browserName: chrome, browserVersion: 114.0.5735.110, chrome: {chromedriverVersion: 114.0.5735.90 (386bc09e8f4f..., userDataDir: C:\Users\DELL\AppData\Local...}, goog:chromeOptions: {debuggerAddress: localhost:59920}, networkConnectionEnabled: false, pageLoadStrategy: normal, platformName: WINDOWS, proxy: Proxy(), se:cdp: ws://localhost:59920/devtoo..., se:cdpVersion: 114.0.5735.110, setWindowRect: true, strictFileInteractability: false, timeouts: {implicit: 0, pageLoad: 300000, script: 30000}, unhandledPromptBehavior: dismiss and notify, webauthn:extension:credBlob: true, webauthn:extension:largeBlob: true, webauthn:extension:minPinLength: true, webauthn:extension:prf: true, webauthn:virtualAuthenticators: true}
Session ID: bdb902b34c02928fcfc369d0da28a2bf
at org.openqa.selenium.remote.codec.w3c.W3CHttpResponseCodec.createException(W3CHttpResponseCodec.java:200)
at org.openqa.selenium.remote.codec.w3c.W3CHttpResponseCodec.decode(W3CHttpResponseCodec.java:133)
at org.openqa.selenium.remote.codec.w3c.W3CHttpResponseCodec.decode(W3CHttpResponseCodec.java:53)
at org.openqa.selenium.remote.HttpCommandExecutor.execute(HttpCommandExecutor.java:193)
at org.openqa.selenium.remote.service.DriverCommandExecutor.invokeExecute(DriverCommandExecutor.java:183)
at org.openqa.selenium.remote.service.DriverCommandExecutor.execute(DriverCommandExecutor.java:158)
at org.openqa.selenium.remote.RemoteWebDriver.execute(RemoteWebDriver.java:543)
at org.openqa.selenium.remote.ElementLocation$ElementFinder$2.findElement(ElementLocation.java:162)
at org.openqa.selenium.remote.ElementLocation.findElement(ElementLocation.java:60)
at org.openqa.selenium.remote.RemoteWebDriver.findElement(RemoteWebDriver.java:352)
at org.openqa.selenium.remote.RemoteWebDriver.findElement(RemoteWebDriver.java:344)
at selenium.scripts.SME.Aggregator.AggregatorToolAddandInviteSMEusers.test_03ValidateEnteredDetails(AggregatorToolAddandInviteSMEusers.java:78)
at java.base/java.util.ArrayList.forEach(ArrayList.java:1511)
... Removed 28 stack frames]]>
    </failure>
  </testcase> <!-- test_03ValidateEnteredDetails -->
  <testcase classname="selenium.scripts.SME.Aggregator.AggregatorToolAddandInviteSMEusers" name="test_04AddSMESuccessfulPage" time="9.077"/>
  <testcase classname="selenium.scripts.SME.Aggregator.AggregatorToolAddandInviteSMEusers" name="test_05SMEDetailsTable" time="3.185"/>
  <testcase classname="selenium.scripts.SME.Aggregator.AggregatorToolSMEAssessmentDrilldownView" name="test_01SMEDetailsPage" time="62.648">
    <failure type="org.openqa.selenium.NoSuchElementException" message="no such element: Unable to locate element: {&amp;quot;method&amp;quot;:&amp;quot;xpath&amp;quot;,&amp;quot;selector&amp;quot;:&amp;quot;//div[@class=&amp;apos;success-status&amp;apos; and contains(text(),&amp;apos;Assessment completed&amp;apos;)]/parent::td&amp;quot;}
  (Session info: chrome=114.0.5735.110)
For documentation on this error, please visit: https://selenium.dev/exceptions/#no_such_element
Build info: version: &amp;apos;4.8.3&amp;apos;, revision: &amp;apos;e5e76298c3&amp;apos;
System info: os.name: &amp;apos;Windows 10&amp;apos;, os.arch: &amp;apos;amd64&amp;apos;, os.version: &amp;apos;10.0&amp;apos;, java.version: &amp;apos;20.0.1&amp;apos;
Driver info: org.openqa.selenium.chrome.ChromeDriver
Command: [bdb902b34c02928fcfc369d0da28a2bf, findElement {using=xpath, value=//div[@class=&amp;apos;success-status&amp;apos; and contains(text(),&amp;apos;Assessment completed&amp;apos;)]/parent::td}]
Capabilities {acceptInsecureCerts: false, browserName: chrome, browserVersion: 114.0.5735.110, chrome: {chromedriverVersion: 114.0.5735.90 (386bc09e8f4f..., userDataDir: C:\Users\DELL\AppData\Local...}, goog:chromeOptions: {debuggerAddress: localhost:59920}, networkConnectionEnabled: false, pageLoadStrategy: normal, platformName: WINDOWS, proxy: Proxy(), se:cdp: ws://localhost:59920/devtoo..., se:cdpVersion: 114.0.5735.110, setWindowRect: true, strictFileInteractability: false, timeouts: {implicit: 0, pageLoad: 300000, script: 30000}, unhandledPromptBehavior: dismiss and notify, webauthn:extension:credBlob: true, webauthn:extension:largeBlob: true, webauthn:extension:minPinLength: true, webauthn:extension:prf: true, webauthn:virtualAuthenticators: true}
Session ID: bdb902b34c02928fcfc369d0da28a2bf">
      <![CDATA[org.openqa.selenium.NoSuchElementException: no such element: Unable to locate element: {"method":"xpath","selector":"//div[@class='success-status' and contains(text(),'Assessment completed')]/parent::td"}
  (Session info: chrome=114.0.5735.110)
For documentation on this error, please visit: https://selenium.dev/exceptions/#no_such_element
Build info: version: '4.8.3', revision: 'e5e76298c3'
System info: os.name: 'Windows 10', os.arch: 'amd64', os.version: '10.0', java.version: '20.0.1'
Driver info: org.openqa.selenium.chrome.ChromeDriver
Command: [bdb902b34c02928fcfc369d0da28a2bf, findElement {using=xpath, value=//div[@class='success-status' and contains(text(),'Assessment completed')]/parent::td}]
Capabilities {acceptInsecureCerts: false, browserName: chrome, browserVersion: 114.0.5735.110, chrome: {chromedriverVersion: 114.0.5735.90 (386bc09e8f4f..., userDataDir: C:\Users\DELL\AppData\Local...}, goog:chromeOptions: {debuggerAddress: localhost:59920}, networkConnectionEnabled: false, pageLoadStrategy: normal, platformName: WINDOWS, proxy: Proxy(), se:cdp: ws://localhost:59920/devtoo..., se:cdpVersion: 114.0.5735.110, setWindowRect: true, strictFileInteractability: false, timeouts: {implicit: 0, pageLoad: 300000, script: 30000}, unhandledPromptBehavior: dismiss and notify, webauthn:extension:credBlob: true, webauthn:extension:largeBlob: true, webauthn:extension:minPinLength: true, webauthn:extension:prf: true, webauthn:virtualAuthenticators: true}
Session ID: bdb902b34c02928fcfc369d0da28a2bf
at org.openqa.selenium.remote.codec.w3c.W3CHttpResponseCodec.createException(W3CHttpResponseCodec.java:200)
at org.openqa.selenium.remote.codec.w3c.W3CHttpResponseCodec.decode(W3CHttpResponseCodec.java:133)
at org.openqa.selenium.remote.codec.w3c.W3CHttpResponseCodec.decode(W3CHttpResponseCodec.java:53)
at org.openqa.selenium.remote.HttpCommandExecutor.execute(HttpCommandExecutor.java:193)
at org.openqa.selenium.remote.service.DriverCommandExecutor.invokeExecute(DriverCommandExecutor.java:183)
at org.openqa.selenium.remote.service.DriverCommandExecutor.execute(DriverCommandExecutor.java:158)
at org.openqa.selenium.remote.RemoteWebDriver.execute(RemoteWebDriver.java:543)
at org.openqa.selenium.remote.ElementLocation$ElementFinder$2.findElement(ElementLocation.java:162)
at org.openqa.selenium.remote.ElementLocation.findElement(ElementLocation.java:60)
at org.openqa.selenium.remote.RemoteWebDriver.findElement(RemoteWebDriver.java:352)
at org.openqa.selenium.remote.RemoteWebDriver.findElement(RemoteWebDriver.java:344)
at selenium.scripts.SME.Aggregator.AggregatorToolSMEAssessmentDrilldownView.test_01SMEDetailsPage(AggregatorToolSMEAssessmentDrilldownView.java:40)
at java.base/java.util.ArrayList.forEach(ArrayList.java:1511)
... Removed 28 stack frames]]>
    </failure>
  </testcase> <!-- test_01SMEDetailsPage -->
  <testcase classname="selenium.scripts.SME.Aggregator.AggregatorToolSMEAssessmentDrilldownView" name="test_02ViewSMEDetailsPage" time="3.28"/>
  <testcase classname="selenium.scripts.SME.Aggregator.AggregatorToolSMEAssessmentDrilldownView" name="test_03AssessmentResponseTab" time="1.346"/>
  <testcase classname="selenium.scripts.SME.Aggregator.AggregatorToolSMEAssessmentDrilldownView" name="test_04AssessmentReportTab" time="0.32"/>
  <testcase classname="selenium.scripts.SME.Aggregator.AggregatorToolSMEAssessmentDrilldownView" name="test_05IntaractHeaderOption" time="1.162"/>
  <testcase classname="selenium.scripts.SME.Aggregator.AggregatorToolSMEAssessmentDrilldownView" name="test_06NavigateToPreviousPage" time="2.212"/>
  <testcase classname="selenium.scripts.SME.Aggregator.ForgotResetPasswordFlow" name="test01_AggregatorLoginPage" time="1.178"/>
  <testcase classname="selenium.scripts.SME.Aggregator.ForgotResetPasswordFlow" name="test02_AggregatorResetPasswordPage" time="0.216"/>
  <testcase classname="selenium.scripts.SME.Aggregator.ForgotResetPasswordFlow" name="test03_AggregatorResetPasswordPage2" time="48.365"/>
  <testcase classname="selenium.scripts.SME.Aggregator.ForgotResetPasswordFlow" name="test04_AggregatorLoginPage2" time="6.612"/>
  <testcase classname="selenium.scripts.SME.Aggregator.ForgotResetPasswordFlow" name="test05_AggregatorDashboardPage" time="2.768"/>
  <testcase classname="sme360x.SME_User_Account_Onboarding" name="test_01InvitationLinkToJoinSMETool" time="35.738"/>
  <testcase classname="sme360x.SME_User_Account_Onboarding" name="test_02InvitaionLinkPage" time="3.767"/>
  <testcase classname="sme360x.SME_User_Account_Onboarding" name="test_03SignInPage" time="1.025"/>
  <testcase classname="sme360x.SME_User_Account_Onboarding" name="test_04ValidationChecks" time="4.17">
    <failure type="java.lang.AssertionError" message="expected [Please enter a valid first name] but found [translate.requirederror]">
      <![CDATA[java.lang.AssertionError: expected [Please enter a valid first name] but found [translate.requirederror]
at sme360x.SME_User_Account_Onboarding.test_04ValidationChecks(SME_User_Account_Onboarding.java:112)
at java.base/java.util.ArrayList.forEach(ArrayList.java:1511)
... Removed 31 stack frames]]>
    </failure>
  </testcase> <!-- test_04ValidationChecks -->
  <testcase classname="sme360x.SME_User_Account_Onboarding" name="test_05AccountSetupSuccessfulPage" time="2.125"/>
  <testcase classname="selenium.configuration.TestConfig" name="@BeforeTest init" time="0.0">
    <ignored/>
  </testcase> <!-- @BeforeTest init -->
  <testcase classname="selenium.configuration.TestConfig" name="@BeforeTest init" time="0.0">
    <ignored/>
  </testcase> <!-- @BeforeTest init -->
  <testcase classname="selenium.configuration.TestConfig" name="@BeforeTest init" time="0.0">
    <ignored/>
  </testcase> <!-- @BeforeTest init -->
  <testcase classname="selenium.configuration.TestConfig" name="@BeforeTest init" time="0.0">
    <ignored/>
  </testcase> <!-- @BeforeTest init -->
  <testcase classname="selenium.configuration.TestConfig" name="@BeforeTest init" time="0.0">
    <ignored/>
  </testcase> <!-- @BeforeTest init -->
</testsuite> <!-- Aggregator -->
