<html>
<head>
<title>TestNG:  Aggregator</title>
<link href="../testng.css" rel="stylesheet" type="text/css" />
<link href="../my-testng.css" rel="stylesheet" type="text/css" />

<style type="text/css">
.log { display: none;} 
.stack-trace { display: none;} 
</style>
<script type="text/javascript">
<!--
function flip(e) {
  current = e.style.display;
  if (current == 'block') {
    e.style.display = 'none';
    return 0;
  }
  else {
    e.style.display = 'block';
    return 1;
  }
}

function toggleBox(szDivId, elem, msg1, msg2)
{
  var res = -1;  if (document.getElementById) {
    res = flip(document.getElementById(szDivId));
  }
  else if (document.all) {
    // this is the way old msie versions work
    res = flip(document.all[szDivId]);
  }
  if(elem) {
    if(res == 0) elem.innerHTML = msg1; else elem.innerHTML = msg2;
  }

}

function toggleAllBoxes() {
  if (document.getElementsByTagName) {
    d = document.getElementsByTagName('div');
    for (i = 0; i < d.length; i++) {
      if (d[i].className == 'log') {
        flip(d[i]);
      }
    }
  }
}

// -->
</script>

</head>
<body>
<h2 align='center'>Aggregator</h2><table border='1' align="center">
<tr>
<td>Tests passed/Failed/Skipped:</td><td>25/4/0</td>
</tr><tr>
<td>Started on:</td><td>Thu Jun 08 11:53:42 IST 2023</td>
</tr>
<tr><td>Total time:</td><td>245 seconds (245411 ms)</td>
</tr><tr>
<td>Included groups:</td><td></td>
</tr><tr>
<td>Excluded groups:</td><td></td>
</tr>
</table><p/>
<small><i>(Hover the method name to see the test class name)</i></small><p/>
<table width='100%' border='1' class='invocation-failed'>
<tr><td colspan='4' align='center'><b>FAILED TESTS</b></td></tr>
<tr><td><b>Test method</b></td>
<td width="30%"><b>Exception</b></td>
<td width="10%"><b>Time (seconds)</b></td>
<td><b>Instance</b></td>
</tr>
<tr>
<td title='selenium.scripts.SME.Aggregator.AggregatorToolAddandInviteSMEusers.test_02AddanSMEuserPage()'><b>test_02AddanSMEuserPage</b><br>Test class: selenium.scripts.SME.Aggregator.AggregatorToolAddandInviteSMEusers</td>
<td><div><pre>java.lang.AssertionError: expected [SME business name] but found [SME name]
	at selenium.scripts.SME.Aggregator.AggregatorToolAddandInviteSMEusers.test_02AddanSMEuserPage(AggregatorToolAddandInviteSMEusers.java:59)
	at java.base/java.util.ArrayList.forEach(ArrayList.java:1511)
... Removed 31 stack frames</pre></div><a href='#' onClick='toggleBox("stack-trace496751834", this, "Click to show all stack frames", "Click to hide stack frames")'>Click to show all stack frames</a>
<div class='stack-trace' id='stack-trace496751834'><pre>java.lang.AssertionError: expected [SME business name] but found [SME name]
	at org.testng.Assert.fail(Assert.java:99)
	at org.testng.Assert.failNotEquals(Assert.java:1037)
	at org.testng.Assert.assertEqualsImpl(Assert.java:140)
	at org.testng.Assert.assertEquals(Assert.java:122)
	at org.testng.Assert.assertEquals(Assert.java:629)
	at org.testng.Assert.assertEquals(Assert.java:639)
	at selenium.scripts.SME.Aggregator.AggregatorToolAddandInviteSMEusers.test_02AddanSMEuserPage(AggregatorToolAddandInviteSMEusers.java:59)
	at java.base/jdk.internal.reflect.DirectMethodHandleAccessor.invoke(DirectMethodHandleAccessor.java:104)
	at java.base/java.lang.reflect.Method.invoke(Method.java:578)
	at org.testng.internal.MethodInvocationHelper.invokeMethod(MethodInvocationHelper.java:133)
	at org.testng.internal.TestInvoker.invokeMethod(TestInvoker.java:598)
	at org.testng.internal.TestInvoker.invokeTestMethod(TestInvoker.java:173)
	at org.testng.internal.MethodRunner.runInSequence(MethodRunner.java:46)
	at org.testng.internal.TestInvoker$MethodInvocationAgent.invoke(TestInvoker.java:824)
	at org.testng.internal.TestInvoker.invokeTestMethods(TestInvoker.java:146)
	at org.testng.internal.TestMethodWorker.invokeTestMethods(TestMethodWorker.java:146)
	at org.testng.internal.TestMethodWorker.run(TestMethodWorker.java:128)
	at java.base/java.util.ArrayList.forEach(ArrayList.java:1511)
	at org.testng.TestRunner.privateRun(TestRunner.java:794)
	at org.testng.TestRunner.run(TestRunner.java:596)
	at org.testng.SuiteRunner.runTest(SuiteRunner.java:377)
	at org.testng.SuiteRunner.runSequentially(SuiteRunner.java:371)
	at org.testng.SuiteRunner.privateRun(SuiteRunner.java:332)
	at org.testng.SuiteRunner.run(SuiteRunner.java:276)
	at org.testng.SuiteRunnerWorker.runSuite(SuiteRunnerWorker.java:53)
	at org.testng.SuiteRunnerWorker.run(SuiteRunnerWorker.java:96)
	at org.testng.TestNG.runSuitesSequentially(TestNG.java:1212)
	at org.testng.TestNG.runSuitesLocally(TestNG.java:1134)
	at org.testng.TestNG.runSuites(TestNG.java:1063)
	at org.testng.TestNG.run(TestNG.java:1031)
	at org.testng.remote.AbstractRemoteTestNG.run(AbstractRemoteTestNG.java:115)
	at org.testng.remote.RemoteTestNG.initAndRun(RemoteTestNG.java:251)
	at org.testng.remote.RemoteTestNG.main(RemoteTestNG.java:77)
</pre></div></td>
<td>0</td>
<td>selenium.scripts.SME.Aggregator.AggregatorToolAddandInviteSMEusers@4c39bec8</td></tr>
<tr>
<td title='selenium.scripts.SME.Aggregator.AggregatorToolAddandInviteSMEusers.test_03ValidateEnteredDetails()'><b>test_03ValidateEnteredDetails</b><br>Test class: selenium.scripts.SME.Aggregator.AggregatorToolAddandInviteSMEusers</td>
<td><div><pre>org.openqa.selenium.NoSuchElementException: no such element: Unable to locate element: {&quot;method&quot;:&quot;xpath&quot;,&quot;selector&quot;:&quot;(//mat-error[contains(@class,&apos;at-mdc-form-field-error&apos;)])[2]&quot;}
  (Session info: chrome=114.0.5735.110)
For documentation on this error, please visit: https://selenium.dev/exceptions/#no_such_element
Build info: version: &apos;4.8.3&apos;, revision: &apos;e5e76298c3&apos;
System info: os.name: &apos;Windows 10&apos;, os.arch: &apos;amd64&apos;, os.version: &apos;10.0&apos;, java.version: &apos;20.0.1&apos;
Driver info: org.openqa.selenium.chrome.ChromeDriver
Command: [bdb902b34c02928fcfc369d0da28a2bf, findElement {using=xpath, value=(//mat-error[contains(@class,&apos;at-mdc-form-field-error&apos;)])[2]}]
Capabilities {acceptInsecureCerts: false, browserName: chrome, browserVersion: 114.0.5735.110, chrome: {chromedriverVersion: 114.0.5735.90 (386bc09e8f4f..., userDataDir: C:\Users\DELL\AppData\Local...}, goog:chromeOptions: {debuggerAddress: localhost:59920}, networkConnectionEnabled: false, pageLoadStrategy: normal, platformName: WINDOWS, proxy: Proxy(), se:cdp: ws://localhost:59920/devtoo..., se:cdpVersion: 114.0.5735.110, setWindowRect: true, strictFileInteractability: false, timeouts: {implicit: 0, pageLoad: 300000, script: 30000}, unhandledPromptBehavior: dismiss and notify, webauthn:extension:credBlob: true, webauthn:extension:largeBlob: true, webauthn:extension:minPinLength: true, webauthn:extension:prf: true, webauthn:virtualAuthenticators: true}
Session ID: bdb902b34c02928fcfc369d0da28a2bf
	at org.openqa.selenium.remote.codec.w3c.W3CHttpResponseCodec.createException(W3CHttpResponseCodec.java:200)
	at org.openqa.selenium.remote.codec.w3c.W3CHttpResponseCodec.decode(W3CHttpResponseCodec.java:133)
	at org.openqa.selenium.remote.codec.w3c.W3CHttpResponseCodec.decode(W3CHttpResponseCodec.java:53)
	at org.openqa.selenium.remote.HttpCommandExecutor.execute(HttpCommandExecutor.java:193)
	at org.openqa.selenium.remote.service.DriverCommandExecutor.invokeExecute(DriverCommandExecutor.java:183)
	at org.openqa.selenium.remote.service.DriverCommandExecutor.execute(DriverCommandExecutor.java:158)
	at org.openqa.selenium.remote.RemoteWebDriver.execute(RemoteWebDriver.java:543)
	at org.openqa.selenium.remote.ElementLocation$ElementFinder$2.findElement(ElementLocation.java:162)
	at org.openqa.selenium.remote.ElementLocation.findElement(ElementLocation.java:60)
	at org.openqa.selenium.remote.RemoteWebDriver.findElement(RemoteWebDriver.java:352)
	at org.openqa.selenium.remote.RemoteWebDriver.findElement(RemoteWebDriver.java:344)
	at selenium.scripts.SME.Aggregator.AggregatorToolAddandInviteSMEusers.test_03ValidateEnteredDetails(AggregatorToolAddandInviteSMEusers.java:78)
	at java.base/java.util.ArrayList.forEach(ArrayList.java:1511)
... Removed 28 stack frames</pre></div><a href='#' onClick='toggleBox("stack-trace2061337484", this, "Click to show all stack frames", "Click to hide stack frames")'>Click to show all stack frames</a>
<div class='stack-trace' id='stack-trace2061337484'><pre>org.openqa.selenium.NoSuchElementException: no such element: Unable to locate element: {&quot;method&quot;:&quot;xpath&quot;,&quot;selector&quot;:&quot;(//mat-error[contains(@class,&apos;at-mdc-form-field-error&apos;)])[2]&quot;}
  (Session info: chrome=114.0.5735.110)
For documentation on this error, please visit: https://selenium.dev/exceptions/#no_such_element
Build info: version: &apos;4.8.3&apos;, revision: &apos;e5e76298c3&apos;
System info: os.name: &apos;Windows 10&apos;, os.arch: &apos;amd64&apos;, os.version: &apos;10.0&apos;, java.version: &apos;20.0.1&apos;
Driver info: org.openqa.selenium.chrome.ChromeDriver
Command: [bdb902b34c02928fcfc369d0da28a2bf, findElement {using=xpath, value=(//mat-error[contains(@class,&apos;at-mdc-form-field-error&apos;)])[2]}]
Capabilities {acceptInsecureCerts: false, browserName: chrome, browserVersion: 114.0.5735.110, chrome: {chromedriverVersion: 114.0.5735.90 (386bc09e8f4f..., userDataDir: C:\Users\DELL\AppData\Local...}, goog:chromeOptions: {debuggerAddress: localhost:59920}, networkConnectionEnabled: false, pageLoadStrategy: normal, platformName: WINDOWS, proxy: Proxy(), se:cdp: ws://localhost:59920/devtoo..., se:cdpVersion: 114.0.5735.110, setWindowRect: true, strictFileInteractability: false, timeouts: {implicit: 0, pageLoad: 300000, script: 30000}, unhandledPromptBehavior: dismiss and notify, webauthn:extension:credBlob: true, webauthn:extension:largeBlob: true, webauthn:extension:minPinLength: true, webauthn:extension:prf: true, webauthn:virtualAuthenticators: true}
Session ID: bdb902b34c02928fcfc369d0da28a2bf
	at java.base/jdk.internal.reflect.DirectConstructorHandleAccessor.newInstance(DirectConstructorHandleAccessor.java:67)
	at java.base/java.lang.reflect.Constructor.newInstanceWithCaller(Constructor.java:500)
	at java.base/java.lang.reflect.Constructor.newInstance(Constructor.java:484)
	at org.openqa.selenium.remote.codec.w3c.W3CHttpResponseCodec.createException(W3CHttpResponseCodec.java:200)
	at org.openqa.selenium.remote.codec.w3c.W3CHttpResponseCodec.decode(W3CHttpResponseCodec.java:133)
	at org.openqa.selenium.remote.codec.w3c.W3CHttpResponseCodec.decode(W3CHttpResponseCodec.java:53)
	at org.openqa.selenium.remote.HttpCommandExecutor.execute(HttpCommandExecutor.java:193)
	at org.openqa.selenium.remote.service.DriverCommandExecutor.invokeExecute(DriverCommandExecutor.java:183)
	at org.openqa.selenium.remote.service.DriverCommandExecutor.execute(DriverCommandExecutor.java:158)
	at org.openqa.selenium.remote.RemoteWebDriver.execute(RemoteWebDriver.java:543)
	at org.openqa.selenium.remote.ElementLocation$ElementFinder$2.findElement(ElementLocation.java:162)
	at org.openqa.selenium.remote.ElementLocation.findElement(ElementLocation.java:60)
	at org.openqa.selenium.remote.RemoteWebDriver.findElement(RemoteWebDriver.java:352)
	at org.openqa.selenium.remote.RemoteWebDriver.findElement(RemoteWebDriver.java:344)
	at selenium.scripts.SME.Aggregator.AggregatorToolAddandInviteSMEusers.test_03ValidateEnteredDetails(AggregatorToolAddandInviteSMEusers.java:78)
	at java.base/jdk.internal.reflect.DirectMethodHandleAccessor.invoke(DirectMethodHandleAccessor.java:104)
	at java.base/java.lang.reflect.Method.invoke(Method.java:578)
	at org.testng.internal.MethodInvocationHelper.invokeMethod(MethodInvocationHelper.java:133)
	at org.testng.internal.TestInvoker.invokeMethod(TestInvoker.java:598)
	at org.testng.internal.TestInvoker.invokeTestMethod(TestInvoker.java:173)
	at org.testng.internal.MethodRunner.runInSequence(MethodRunner.java:46)
	at org.testng.internal.TestInvoker$MethodInvocationAgent.invoke(TestInvoker.java:824)
	at org.testng.internal.TestInvoker.invokeTestMethods(TestInvoker.java:146)
	at org.testng.internal.TestMethodWorker.invokeTestMethods(TestMethodWorker.java:146)
	at org.testng.internal.TestMethodWorker.run(TestMethodWorker.java:128)
	at java.base/java.util.ArrayList.forEach(ArrayList.java:1511)
	at org.testng.TestRunner.privateRun(TestRunner.java:794)
	at org.testng.TestRunner.run(TestRunner.java:596)
	at org.testng.SuiteRunner.runTest(SuiteRunner.java:377)
	at org.testng.SuiteRunner.runSequentially(SuiteRunner.java:371)
	at org.testng.SuiteRunner.privateRun(SuiteRunner.java:332)
	at org.testng.SuiteRunner.run(SuiteRunner.java:276)
	at org.testng.SuiteRunnerWorker.runSuite(SuiteRunnerWorker.java:53)
	at org.testng.SuiteRunnerWorker.run(SuiteRunnerWorker.java:96)
	at org.testng.TestNG.runSuitesSequentially(TestNG.java:1212)
	at org.testng.TestNG.runSuitesLocally(TestNG.java:1134)
	at org.testng.TestNG.runSuites(TestNG.java:1063)
	at org.testng.TestNG.run(TestNG.java:1031)
	at org.testng.remote.AbstractRemoteTestNG.run(AbstractRemoteTestNG.java:115)
	at org.testng.remote.RemoteTestNG.initAndRun(RemoteTestNG.java:251)
	at org.testng.remote.RemoteTestNG.main(RemoteTestNG.java:77)
</pre></div></td>
<td>32</td>
<td>selenium.scripts.SME.Aggregator.AggregatorToolAddandInviteSMEusers@4c39bec8</td></tr>
<tr>
<td title='sme360x.SME_User_Account_Onboarding.test_04ValidationChecks()'><b>test_04ValidationChecks</b><br>Test class: sme360x.SME_User_Account_Onboarding</td>
<td><div><pre>java.lang.AssertionError: expected [Please enter a valid first name] but found [translate.requirederror]
	at sme360x.SME_User_Account_Onboarding.test_04ValidationChecks(SME_User_Account_Onboarding.java:112)
	at java.base/java.util.ArrayList.forEach(ArrayList.java:1511)
... Removed 31 stack frames</pre></div><a href='#' onClick='toggleBox("stack-trace1222908765", this, "Click to show all stack frames", "Click to hide stack frames")'>Click to show all stack frames</a>
<div class='stack-trace' id='stack-trace1222908765'><pre>java.lang.AssertionError: expected [Please enter a valid first name] but found [translate.requirederror]
	at org.testng.Assert.fail(Assert.java:99)
	at org.testng.Assert.failNotEquals(Assert.java:1037)
	at org.testng.Assert.assertEqualsImpl(Assert.java:140)
	at org.testng.Assert.assertEquals(Assert.java:122)
	at org.testng.Assert.assertEquals(Assert.java:629)
	at org.testng.Assert.assertEquals(Assert.java:639)
	at sme360x.SME_User_Account_Onboarding.test_04ValidationChecks(SME_User_Account_Onboarding.java:112)
	at java.base/jdk.internal.reflect.DirectMethodHandleAccessor.invoke(DirectMethodHandleAccessor.java:104)
	at java.base/java.lang.reflect.Method.invoke(Method.java:578)
	at org.testng.internal.MethodInvocationHelper.invokeMethod(MethodInvocationHelper.java:133)
	at org.testng.internal.TestInvoker.invokeMethod(TestInvoker.java:598)
	at org.testng.internal.TestInvoker.invokeTestMethod(TestInvoker.java:173)
	at org.testng.internal.MethodRunner.runInSequence(MethodRunner.java:46)
	at org.testng.internal.TestInvoker$MethodInvocationAgent.invoke(TestInvoker.java:824)
	at org.testng.internal.TestInvoker.invokeTestMethods(TestInvoker.java:146)
	at org.testng.internal.TestMethodWorker.invokeTestMethods(TestMethodWorker.java:146)
	at org.testng.internal.TestMethodWorker.run(TestMethodWorker.java:128)
	at java.base/java.util.ArrayList.forEach(ArrayList.java:1511)
	at org.testng.TestRunner.privateRun(TestRunner.java:794)
	at org.testng.TestRunner.run(TestRunner.java:596)
	at org.testng.SuiteRunner.runTest(SuiteRunner.java:377)
	at org.testng.SuiteRunner.runSequentially(SuiteRunner.java:371)
	at org.testng.SuiteRunner.privateRun(SuiteRunner.java:332)
	at org.testng.SuiteRunner.run(SuiteRunner.java:276)
	at org.testng.SuiteRunnerWorker.runSuite(SuiteRunnerWorker.java:53)
	at org.testng.SuiteRunnerWorker.run(SuiteRunnerWorker.java:96)
	at org.testng.TestNG.runSuitesSequentially(TestNG.java:1212)
	at org.testng.TestNG.runSuitesLocally(TestNG.java:1134)
	at org.testng.TestNG.runSuites(TestNG.java:1063)
	at org.testng.TestNG.run(TestNG.java:1031)
	at org.testng.remote.AbstractRemoteTestNG.run(AbstractRemoteTestNG.java:115)
	at org.testng.remote.RemoteTestNG.initAndRun(RemoteTestNG.java:251)
	at org.testng.remote.RemoteTestNG.main(RemoteTestNG.java:77)
</pre></div></td>
<td>4</td>
<td>sme360x.SME_User_Account_Onboarding@1f59a598</td></tr>
<tr>
<td title='selenium.scripts.SME.Aggregator.AggregatorToolSMEAssessmentDrilldownView.test_01SMEDetailsPage()'><b>test_01SMEDetailsPage</b><br>Test class: selenium.scripts.SME.Aggregator.AggregatorToolSMEAssessmentDrilldownView</td>
<td><div><pre>org.openqa.selenium.NoSuchElementException: no such element: Unable to locate element: {&quot;method&quot;:&quot;xpath&quot;,&quot;selector&quot;:&quot;//div[@class=&apos;success-status&apos; and contains(text(),&apos;Assessment completed&apos;)]/parent::td&quot;}
  (Session info: chrome=114.0.5735.110)
For documentation on this error, please visit: https://selenium.dev/exceptions/#no_such_element
Build info: version: &apos;4.8.3&apos;, revision: &apos;e5e76298c3&apos;
System info: os.name: &apos;Windows 10&apos;, os.arch: &apos;amd64&apos;, os.version: &apos;10.0&apos;, java.version: &apos;20.0.1&apos;
Driver info: org.openqa.selenium.chrome.ChromeDriver
Command: [bdb902b34c02928fcfc369d0da28a2bf, findElement {using=xpath, value=//div[@class=&apos;success-status&apos; and contains(text(),&apos;Assessment completed&apos;)]/parent::td}]
Capabilities {acceptInsecureCerts: false, browserName: chrome, browserVersion: 114.0.5735.110, chrome: {chromedriverVersion: 114.0.5735.90 (386bc09e8f4f..., userDataDir: C:\Users\DELL\AppData\Local...}, goog:chromeOptions: {debuggerAddress: localhost:59920}, networkConnectionEnabled: false, pageLoadStrategy: normal, platformName: WINDOWS, proxy: Proxy(), se:cdp: ws://localhost:59920/devtoo..., se:cdpVersion: 114.0.5735.110, setWindowRect: true, strictFileInteractability: false, timeouts: {implicit: 0, pageLoad: 300000, script: 30000}, unhandledPromptBehavior: dismiss and notify, webauthn:extension:credBlob: true, webauthn:extension:largeBlob: true, webauthn:extension:minPinLength: true, webauthn:extension:prf: true, webauthn:virtualAuthenticators: true}
Session ID: bdb902b34c02928fcfc369d0da28a2bf
	at org.openqa.selenium.remote.codec.w3c.W3CHttpResponseCodec.createException(W3CHttpResponseCodec.java:200)
	at org.openqa.selenium.remote.codec.w3c.W3CHttpResponseCodec.decode(W3CHttpResponseCodec.java:133)
	at org.openqa.selenium.remote.codec.w3c.W3CHttpResponseCodec.decode(W3CHttpResponseCodec.java:53)
	at org.openqa.selenium.remote.HttpCommandExecutor.execute(HttpCommandExecutor.java:193)
	at org.openqa.selenium.remote.service.DriverCommandExecutor.invokeExecute(DriverCommandExecutor.java:183)
	at org.openqa.selenium.remote.service.DriverCommandExecutor.execute(DriverCommandExecutor.java:158)
	at org.openqa.selenium.remote.RemoteWebDriver.execute(RemoteWebDriver.java:543)
	at org.openqa.selenium.remote.ElementLocation$ElementFinder$2.findElement(ElementLocation.java:162)
	at org.openqa.selenium.remote.ElementLocation.findElement(ElementLocation.java:60)
	at org.openqa.selenium.remote.RemoteWebDriver.findElement(RemoteWebDriver.java:352)
	at org.openqa.selenium.remote.RemoteWebDriver.findElement(RemoteWebDriver.java:344)
	at selenium.scripts.SME.Aggregator.AggregatorToolSMEAssessmentDrilldownView.test_01SMEDetailsPage(AggregatorToolSMEAssessmentDrilldownView.java:40)
	at java.base/java.util.ArrayList.forEach(ArrayList.java:1511)
... Removed 28 stack frames</pre></div><a href='#' onClick='toggleBox("stack-trace1583001542", this, "Click to show all stack frames", "Click to hide stack frames")'>Click to show all stack frames</a>
<div class='stack-trace' id='stack-trace1583001542'><pre>org.openqa.selenium.NoSuchElementException: no such element: Unable to locate element: {&quot;method&quot;:&quot;xpath&quot;,&quot;selector&quot;:&quot;//div[@class=&apos;success-status&apos; and contains(text(),&apos;Assessment completed&apos;)]/parent::td&quot;}
  (Session info: chrome=114.0.5735.110)
For documentation on this error, please visit: https://selenium.dev/exceptions/#no_such_element
Build info: version: &apos;4.8.3&apos;, revision: &apos;e5e76298c3&apos;
System info: os.name: &apos;Windows 10&apos;, os.arch: &apos;amd64&apos;, os.version: &apos;10.0&apos;, java.version: &apos;20.0.1&apos;
Driver info: org.openqa.selenium.chrome.ChromeDriver
Command: [bdb902b34c02928fcfc369d0da28a2bf, findElement {using=xpath, value=//div[@class=&apos;success-status&apos; and contains(text(),&apos;Assessment completed&apos;)]/parent::td}]
Capabilities {acceptInsecureCerts: false, browserName: chrome, browserVersion: 114.0.5735.110, chrome: {chromedriverVersion: 114.0.5735.90 (386bc09e8f4f..., userDataDir: C:\Users\DELL\AppData\Local...}, goog:chromeOptions: {debuggerAddress: localhost:59920}, networkConnectionEnabled: false, pageLoadStrategy: normal, platformName: WINDOWS, proxy: Proxy(), se:cdp: ws://localhost:59920/devtoo..., se:cdpVersion: 114.0.5735.110, setWindowRect: true, strictFileInteractability: false, timeouts: {implicit: 0, pageLoad: 300000, script: 30000}, unhandledPromptBehavior: dismiss and notify, webauthn:extension:credBlob: true, webauthn:extension:largeBlob: true, webauthn:extension:minPinLength: true, webauthn:extension:prf: true, webauthn:virtualAuthenticators: true}
Session ID: bdb902b34c02928fcfc369d0da28a2bf
	at java.base/jdk.internal.reflect.DirectConstructorHandleAccessor.newInstance(DirectConstructorHandleAccessor.java:67)
	at java.base/java.lang.reflect.Constructor.newInstanceWithCaller(Constructor.java:500)
	at java.base/java.lang.reflect.Constructor.newInstance(Constructor.java:484)
	at org.openqa.selenium.remote.codec.w3c.W3CHttpResponseCodec.createException(W3CHttpResponseCodec.java:200)
	at org.openqa.selenium.remote.codec.w3c.W3CHttpResponseCodec.decode(W3CHttpResponseCodec.java:133)
	at org.openqa.selenium.remote.codec.w3c.W3CHttpResponseCodec.decode(W3CHttpResponseCodec.java:53)
	at org.openqa.selenium.remote.HttpCommandExecutor.execute(HttpCommandExecutor.java:193)
	at org.openqa.selenium.remote.service.DriverCommandExecutor.invokeExecute(DriverCommandExecutor.java:183)
	at org.openqa.selenium.remote.service.DriverCommandExecutor.execute(DriverCommandExecutor.java:158)
	at org.openqa.selenium.remote.RemoteWebDriver.execute(RemoteWebDriver.java:543)
	at org.openqa.selenium.remote.ElementLocation$ElementFinder$2.findElement(ElementLocation.java:162)
	at org.openqa.selenium.remote.ElementLocation.findElement(ElementLocation.java:60)
	at org.openqa.selenium.remote.RemoteWebDriver.findElement(RemoteWebDriver.java:352)
	at org.openqa.selenium.remote.RemoteWebDriver.findElement(RemoteWebDriver.java:344)
	at selenium.scripts.SME.Aggregator.AggregatorToolSMEAssessmentDrilldownView.test_01SMEDetailsPage(AggregatorToolSMEAssessmentDrilldownView.java:40)
	at java.base/jdk.internal.reflect.DirectMethodHandleAccessor.invoke(DirectMethodHandleAccessor.java:104)
	at java.base/java.lang.reflect.Method.invoke(Method.java:578)
	at org.testng.internal.MethodInvocationHelper.invokeMethod(MethodInvocationHelper.java:133)
	at org.testng.internal.TestInvoker.invokeMethod(TestInvoker.java:598)
	at org.testng.internal.TestInvoker.invokeTestMethod(TestInvoker.java:173)
	at org.testng.internal.MethodRunner.runInSequence(MethodRunner.java:46)
	at org.testng.internal.TestInvoker$MethodInvocationAgent.invoke(TestInvoker.java:824)
	at org.testng.internal.TestInvoker.invokeTestMethods(TestInvoker.java:146)
	at org.testng.internal.TestMethodWorker.invokeTestMethods(TestMethodWorker.java:146)
	at org.testng.internal.TestMethodWorker.run(TestMethodWorker.java:128)
	at java.base/java.util.ArrayList.forEach(ArrayList.java:1511)
	at org.testng.TestRunner.privateRun(TestRunner.java:794)
	at org.testng.TestRunner.run(TestRunner.java:596)
	at org.testng.SuiteRunner.runTest(SuiteRunner.java:377)
	at org.testng.SuiteRunner.runSequentially(SuiteRunner.java:371)
	at org.testng.SuiteRunner.privateRun(SuiteRunner.java:332)
	at org.testng.SuiteRunner.run(SuiteRunner.java:276)
	at org.testng.SuiteRunnerWorker.runSuite(SuiteRunnerWorker.java:53)
	at org.testng.SuiteRunnerWorker.run(SuiteRunnerWorker.java:96)
	at org.testng.TestNG.runSuitesSequentially(TestNG.java:1212)
	at org.testng.TestNG.runSuitesLocally(TestNG.java:1134)
	at org.testng.TestNG.runSuites(TestNG.java:1063)
	at org.testng.TestNG.run(TestNG.java:1031)
	at org.testng.remote.AbstractRemoteTestNG.run(AbstractRemoteTestNG.java:115)
	at org.testng.remote.RemoteTestNG.initAndRun(RemoteTestNG.java:251)
	at org.testng.remote.RemoteTestNG.main(RemoteTestNG.java:77)
</pre></div></td>
<td>62</td>
<td>selenium.scripts.SME.Aggregator.AggregatorToolSMEAssessmentDrilldownView@f79e</td></tr>
</table><p>
<table width='100%' border='1' class='invocation-passed'>
<tr><td colspan='4' align='center'><b>PASSED TESTS</b></td></tr>
<tr><td><b>Test method</b></td>
<td width="30%"><b>Exception</b></td>
<td width="10%"><b>Time (seconds)</b></td>
<td><b>Instance</b></td>
</tr>
<tr>
<td title='selenium.scripts.SME.Aggregator.AggregatorToolSMEAssessmentDrilldownView.test_03AssessmentResponseTab()'><b>test_03AssessmentResponseTab</b><br>Test class: selenium.scripts.SME.Aggregator.AggregatorToolSMEAssessmentDrilldownView</td>
<td></td>
<td>1</td>
<td>selenium.scripts.SME.Aggregator.AggregatorToolSMEAssessmentDrilldownView@f79e</td></tr>
<tr>
<td title='selenium.scripts.SME.Aggregator.AggregatorToolAddandInviteSMEusers.test_01AggregatorToolLandingPage()'><b>test_01AggregatorToolLandingPage</b><br>Test class: selenium.scripts.SME.Aggregator.AggregatorToolAddandInviteSMEusers</td>
<td></td>
<td>2</td>
<td>selenium.scripts.SME.Aggregator.AggregatorToolAddandInviteSMEusers@4c39bec8</td></tr>
<tr>
<td title='sme360x.SME_User_Account_Onboarding.test_02InvitaionLinkPage()'><b>test_02InvitaionLinkPage</b><br>Test class: sme360x.SME_User_Account_Onboarding</td>
<td></td>
<td>3</td>
<td>sme360x.SME_User_Account_Onboarding@1f59a598</td></tr>
<tr>
<td title='selenium.scripts.SME.Aggregator.AggregatorLoginPage.test02_AggregatorInvalidCredentialsPage()'><b>test02_AggregatorInvalidCredentialsPage</b><br>Test class: selenium.scripts.SME.Aggregator.AggregatorLoginPage</td>
<td></td>
<td>1</td>
<td>selenium.scripts.SME.Aggregator.AggregatorLoginPage@75db5df9</td></tr>
<tr>
<td title='selenium.scripts.SME.Aggregator.AggregatorToolSMEAssessmentDrilldownView.test_06NavigateToPreviousPage()'><b>test_06NavigateToPreviousPage</b><br>Test class: selenium.scripts.SME.Aggregator.AggregatorToolSMEAssessmentDrilldownView</td>
<td></td>
<td>2</td>
<td>selenium.scripts.SME.Aggregator.AggregatorToolSMEAssessmentDrilldownView@f79e</td></tr>
<tr>
<td title='selenium.scripts.SME.Aggregator.LandingPageDashboardhome.test01_AggregatorDashboardPage()'><b>test01_AggregatorDashboardPage</b><br>Test class: selenium.scripts.SME.Aggregator.LandingPageDashboardhome</td>
<td></td>
<td>2</td>
<td>selenium.scripts.SME.Aggregator.LandingPageDashboardhome@8c3b9d</td></tr>
<tr>
<td title='selenium.scripts.SME.Aggregator.ForgotResetPasswordFlow.test02_AggregatorResetPasswordPage()'><b>test02_AggregatorResetPasswordPage</b><br>Test class: selenium.scripts.SME.Aggregator.ForgotResetPasswordFlow</td>
<td></td>
<td>0</td>
<td>selenium.scripts.SME.Aggregator.ForgotResetPasswordFlow@7ee8290b</td></tr>
<tr>
<td title='selenium.scripts.SME.Aggregator.AggregatorToolAddandInviteSMEusers.test_04AddSMESuccessfulPage()'><b>test_04AddSMESuccessfulPage</b><br>Test class: selenium.scripts.SME.Aggregator.AggregatorToolAddandInviteSMEusers</td>
<td></td>
<td>9</td>
<td>selenium.scripts.SME.Aggregator.AggregatorToolAddandInviteSMEusers@4c39bec8</td></tr>
<tr>
<td title='selenium.scripts.SME.Aggregator.AggregatorLoginPage.test03_AggregatorPasswordvisibilityCheck()'><b>test03_AggregatorPasswordvisibilityCheck</b><br>Test class: selenium.scripts.SME.Aggregator.AggregatorLoginPage</td>
<td></td>
<td>0</td>
<td>selenium.scripts.SME.Aggregator.AggregatorLoginPage@75db5df9</td></tr>
<tr>
<td title='selenium.scripts.SME.Aggregator.ForgotResetPasswordFlow.test04_AggregatorLoginPage2()'><b>test04_AggregatorLoginPage2</b><br>Test class: selenium.scripts.SME.Aggregator.ForgotResetPasswordFlow</td>
<td></td>
<td>6</td>
<td>selenium.scripts.SME.Aggregator.ForgotResetPasswordFlow@7ee8290b</td></tr>
<tr>
<td title='sme360x.SME_User_Account_Onboarding.test_03SignInPage()'><b>test_03SignInPage</b><br>Test class: sme360x.SME_User_Account_Onboarding</td>
<td></td>
<td>1</td>
<td>sme360x.SME_User_Account_Onboarding@1f59a598</td></tr>
<tr>
<td title='selenium.scripts.SME.Aggregator.ForgotResetPasswordFlow.test05_AggregatorDashboardPage()'><b>test05_AggregatorDashboardPage</b><br>Test class: selenium.scripts.SME.Aggregator.ForgotResetPasswordFlow</td>
<td></td>
<td>2</td>
<td>selenium.scripts.SME.Aggregator.ForgotResetPasswordFlow@7ee8290b</td></tr>
<tr>
<td title='selenium.scripts.SME.Aggregator.AggregatorLoginPage.test01_AggregatorLoginPage()'><b>test01_AggregatorLoginPage</b><br>Test class: selenium.scripts.SME.Aggregator.AggregatorLoginPage</td>
<td></td>
<td>5</td>
<td>selenium.scripts.SME.Aggregator.AggregatorLoginPage@75db5df9</td></tr>
<tr>
<td title='selenium.scripts.SME.Aggregator.ForgotResetPasswordFlow.test01_AggregatorLoginPage()'><b>test01_AggregatorLoginPage</b><br>Test class: selenium.scripts.SME.Aggregator.ForgotResetPasswordFlow</td>
<td></td>
<td>1</td>
<td>selenium.scripts.SME.Aggregator.ForgotResetPasswordFlow@7ee8290b</td></tr>
<tr>
<td title='selenium.scripts.SME.Aggregator.LandingPageDashboardhome.test04_AggregatorViewerPage()'><b>test04_AggregatorViewerPage</b><br>Test class: selenium.scripts.SME.Aggregator.LandingPageDashboardhome</td>
<td></td>
<td>1</td>
<td>selenium.scripts.SME.Aggregator.LandingPageDashboardhome@8c3b9d</td></tr>
<tr>
<td title='selenium.scripts.SME.Aggregator.AggregatorToolAddandInviteSMEusers.test_05SMEDetailsTable()'><b>test_05SMEDetailsTable</b><br>Test class: selenium.scripts.SME.Aggregator.AggregatorToolAddandInviteSMEusers</td>
<td></td>
<td>3</td>
<td>selenium.scripts.SME.Aggregator.AggregatorToolAddandInviteSMEusers@4c39bec8</td></tr>
<tr>
<td title='selenium.scripts.SME.Aggregator.ForgotResetPasswordFlow.test03_AggregatorResetPasswordPage2()'><b>test03_AggregatorResetPasswordPage2</b><br>Test class: selenium.scripts.SME.Aggregator.ForgotResetPasswordFlow</td>
<td></td>
<td>48</td>
<td>selenium.scripts.SME.Aggregator.ForgotResetPasswordFlow@7ee8290b</td></tr>
<tr>
<td title='selenium.scripts.SME.Aggregator.LandingPageDashboardhome.test02_AggregatorSMEParticipationTable()'><b>test02_AggregatorSMEParticipationTable</b><br>Test class: selenium.scripts.SME.Aggregator.LandingPageDashboardhome</td>
<td></td>
<td>2</td>
<td>selenium.scripts.SME.Aggregator.LandingPageDashboardhome@8c3b9d</td></tr>
<tr>
<td title='selenium.scripts.SME.Aggregator.AggregatorToolSMEAssessmentDrilldownView.test_04AssessmentReportTab()'><b>test_04AssessmentReportTab</b><br>Test class: selenium.scripts.SME.Aggregator.AggregatorToolSMEAssessmentDrilldownView</td>
<td></td>
<td>0</td>
<td>selenium.scripts.SME.Aggregator.AggregatorToolSMEAssessmentDrilldownView@f79e</td></tr>
<tr>
<td title='sme360x.SME_User_Account_Onboarding.test_01InvitationLinkToJoinSMETool()'><b>test_01InvitationLinkToJoinSMETool</b><br>Test class: sme360x.SME_User_Account_Onboarding</td>
<td></td>
<td>35</td>
<td>sme360x.SME_User_Account_Onboarding@1f59a598</td></tr>
<tr>
<td title='selenium.scripts.SME.Aggregator.LandingPageDashboardhome.test03_AggregatorAdminPage()'><b>test03_AggregatorAdminPage</b><br>Test class: selenium.scripts.SME.Aggregator.LandingPageDashboardhome</td>
<td></td>
<td>0</td>
<td>selenium.scripts.SME.Aggregator.LandingPageDashboardhome@8c3b9d</td></tr>
<tr>
<td title='sme360x.SME_User_Account_Onboarding.test_05AccountSetupSuccessfulPage()'><b>test_05AccountSetupSuccessfulPage</b><br>Test class: sme360x.SME_User_Account_Onboarding</td>
<td></td>
<td>2</td>
<td>sme360x.SME_User_Account_Onboarding@1f59a598</td></tr>
<tr>
<td title='selenium.scripts.SME.Aggregator.AggregatorLoginPage.test04_AggregatorDashboardPage()'><b>test04_AggregatorDashboardPage</b><br>Test class: selenium.scripts.SME.Aggregator.AggregatorLoginPage</td>
<td></td>
<td>3</td>
<td>selenium.scripts.SME.Aggregator.AggregatorLoginPage@75db5df9</td></tr>
<tr>
<td title='selenium.scripts.SME.Aggregator.AggregatorToolSMEAssessmentDrilldownView.test_02ViewSMEDetailsPage()'><b>test_02ViewSMEDetailsPage</b><br>Test class: selenium.scripts.SME.Aggregator.AggregatorToolSMEAssessmentDrilldownView</td>
<td></td>
<td>3</td>
<td>selenium.scripts.SME.Aggregator.AggregatorToolSMEAssessmentDrilldownView@f79e</td></tr>
<tr>
<td title='selenium.scripts.SME.Aggregator.AggregatorToolSMEAssessmentDrilldownView.test_05IntaractHeaderOption()'><b>test_05IntaractHeaderOption</b><br>Test class: selenium.scripts.SME.Aggregator.AggregatorToolSMEAssessmentDrilldownView</td>
<td></td>
<td>1</td>
<td>selenium.scripts.SME.Aggregator.AggregatorToolSMEAssessmentDrilldownView@f79e</td></tr>
</table><p>
</body>
</html>