<?xml version="1.0" encoding="UTF-8"?>
<!-- Generated by org.testng.reporters.JUnitXMLReporter -->
<testsuite ignored="4" hostname="DESKTOP-5UKM8NQ" failures="2" tests="2" name="Aggregator(failed)" time="3.282" errors="0" timestamp="2023-06-06T16:07:52 IST">
  <testcase classname="selenium.scripts.SME.Aggregator.AggregatorToolAddandInviteSMEusers" name="test_02AddanSMEuserPage" time="0.017">
    <failure type="java.lang.NullPointerException" message="Cannot invoke &amp;quot;org.openqa.selenium.WebDriver.findElement(org.openqa.selenium.By)&amp;quot; because &amp;quot;selenium.scripts.SME.Aggregator.AggregatorToolAddandInviteSMEusers.driver&amp;quot; is null">
      <![CDATA[java.lang.NullPointerException: Cannot invoke "org.openqa.selenium.WebDriver.findElement(org.openqa.selenium.By)" because "selenium.scripts.SME.Aggregator.AggregatorToolAddandInviteSMEusers.driver" is null
at selenium.scripts.SME.Aggregator.AggregatorToolAddandInviteSMEusers.test_02AddanSMEuserPage(AggregatorToolAddandInviteSMEusers.java:46)
at java.base/java.util.ArrayList.forEach(ArrayList.java:1511)
... Removed 25 stack frames]]>
    </failure>
  </testcase> <!-- test_02AddanSMEuserPage -->
  <testcase classname="selenium.scripts.SME.Aggregator.AggregatorToolAddandInviteSMEusers" name="test_03ValidateEnteredDetails" time="0.004">
    <failure type="java.lang.NullPointerException" message="Cannot invoke &amp;quot;org.openqa.selenium.WebDriver.findElement(org.openqa.selenium.By)&amp;quot; because &amp;quot;selenium.scripts.SME.Aggregator.AggregatorToolAddandInviteSMEusers.driver&amp;quot; is null">
      <![CDATA[java.lang.NullPointerException: Cannot invoke "org.openqa.selenium.WebDriver.findElement(org.openqa.selenium.By)" because "selenium.scripts.SME.Aggregator.AggregatorToolAddandInviteSMEusers.driver" is null
at selenium.scripts.SME.Aggregator.AggregatorToolAddandInviteSMEusers.test_03ValidateEnteredDetails(AggregatorToolAddandInviteSMEusers.java:58)
at java.base/java.util.ArrayList.forEach(ArrayList.java:1511)
... Removed 25 stack frames]]>
    </failure>
  </testcase> <!-- test_03ValidateEnteredDetails -->
  <testcase classname="selenium.configuration.TestConfig" name="print" time="0.0">
    <ignored/>
  </testcase> <!-- print -->
  <testcase classname="selenium.scripts.SME.Aggregator.AggregatorToolAddandInviteSMEusers" name="test_05SMEDetailsTable" time="0.0">
    <ignored/>
  </testcase> <!-- test_05SMEDetailsTable -->
  <testcase classname="selenium.scripts.SME.Aggregator.AggregatorToolAddandInviteSMEusers" name="test_01AggregatorToolLandingPage" time="0.0">
    <ignored/>
  </testcase> <!-- test_01AggregatorToolLandingPage -->
  <testcase classname="selenium.scripts.SME.Aggregator.AggregatorToolAddandInviteSMEusers" name="test_04AddSMESuccessfulPage" time="0.0">
    <ignored/>
  </testcase> <!-- test_04AddSMESuccessfulPage -->
</testsuite> <!-- Aggregator(failed) -->
