<?xml version="1.0" encoding="UTF-8"?>
<!-- Generated by org.testng.reporters.JUnitXMLReporter -->
<testsuite ignored="8" hostname="DESKTOP-5UKM8NQ" failures="4" tests="4" name="Aggregator(failed)(failed)(failed)(failed)" time="7.441" errors="0" timestamp="2023-06-05T16:10:40 IST">
  <testcase classname="selenium.scripts.SME.Aggregator.AggregatorToolSMEAssessmentDrilldownView" name="test_04AssessmentReportTab" time="0.019">
    <failure type="java.lang.NullPointerException" message="Cannot invoke &amp;quot;org.openqa.selenium.WebDriver.findElement(org.openqa.selenium.By)&amp;quot; because &amp;quot;selenium.scripts.SME.Aggregator.AggregatorToolSMEAssessmentDrilldownView.driver&amp;quot; is null">
      <![CDATA[java.lang.NullPointerException: Cannot invoke "org.openqa.selenium.WebDriver.findElement(org.openqa.selenium.By)" because "selenium.scripts.SME.Aggregator.AggregatorToolSMEAssessmentDrilldownView.driver" is null
at selenium.scripts.SME.Aggregator.AggregatorToolSMEAssessmentDrilldownView.test_04AssessmentReportTab(AggregatorToolSMEAssessmentDrilldownView.java:76)
at java.base/java.util.ArrayList.forEach(ArrayList.java:1511)
... Removed 25 stack frames]]>
    </failure>
  </testcase> <!-- test_04AssessmentReportTab -->
  <testcase classname="selenium.scripts.SME.Aggregator.AggregatorToolSMEAssessmentDrilldownView" name="test_02ViewSMEDetailsPage" time="0.007">
    <failure type="java.lang.NullPointerException" message="Cannot invoke &amp;quot;org.openqa.selenium.WebDriver.findElement(org.openqa.selenium.By)&amp;quot; because &amp;quot;selenium.scripts.SME.Aggregator.AggregatorToolSMEAssessmentDrilldownView.driver&amp;quot; is null">
      <![CDATA[java.lang.NullPointerException: Cannot invoke "org.openqa.selenium.WebDriver.findElement(org.openqa.selenium.By)" because "selenium.scripts.SME.Aggregator.AggregatorToolSMEAssessmentDrilldownView.driver" is null
at selenium.scripts.SME.Aggregator.AggregatorToolSMEAssessmentDrilldownView.test_02ViewSMEDetailsPage(AggregatorToolSMEAssessmentDrilldownView.java:48)
at java.base/java.util.ArrayList.forEach(ArrayList.java:1511)
... Removed 25 stack frames]]>
    </failure>
  </testcase> <!-- test_02ViewSMEDetailsPage -->
  <testcase classname="selenium.scripts.SME.Aggregator.AggregatorToolSMEAssessmentDrilldownView" name="test_01SMEDetailsPage" time="4.704">
    <failure type="org.openqa.selenium.interactions.MoveTargetOutOfBoundsException" message="move target out of bounds
  (Session info: chrome=114.0.5735.90)
Build info: version: &amp;apos;4.8.3&amp;apos;, revision: &amp;apos;e5e76298c3&amp;apos;
System info: os.name: &amp;apos;Windows 10&amp;apos;, os.arch: &amp;apos;amd64&amp;apos;, os.version: &amp;apos;10.0&amp;apos;, java.version: &amp;apos;20.0.1&amp;apos;
Driver info: org.openqa.selenium.chrome.ChromeDriver
Command: [238542ffb714593239dfb67173ed0846, actions {actions=[org.openqa.selenium.interactions.Sequence@7df60067]}]
Capabilities {acceptInsecureCerts: false, browserName: chrome, browserVersion: 114.0.5735.90, chrome: {chromedriverVersion: 113.0.5672.63 (0e1a4471d5ae..., userDataDir: C:\Users\DELL\AppData\Local...}, goog:chromeOptions: {debuggerAddress: localhost:54000}, networkConnectionEnabled: false, pageLoadStrategy: normal, platformName: WINDOWS, proxy: Proxy(), se:cdp: ws://localhost:54000/devtoo..., se:cdpVersion: 114.0.5735.90, setWindowRect: true, strictFileInteractability: false, timeouts: {implicit: 0, pageLoad: 300000, script: 30000}, unhandledPromptBehavior: dismiss and notify, webauthn:extension:credBlob: true, webauthn:extension:largeBlob: true, webauthn:extension:minPinLength: true, webauthn:extension:prf: true, webauthn:virtualAuthenticators: true}
Session ID: 238542ffb714593239dfb67173ed0846">
      <![CDATA[org.openqa.selenium.interactions.MoveTargetOutOfBoundsException: move target out of bounds
  (Session info: chrome=114.0.5735.90)
Build info: version: '4.8.3', revision: 'e5e76298c3'
System info: os.name: 'Windows 10', os.arch: 'amd64', os.version: '10.0', java.version: '20.0.1'
Driver info: org.openqa.selenium.chrome.ChromeDriver
Command: [238542ffb714593239dfb67173ed0846, actions {actions=[org.openqa.selenium.interactions.Sequence@7df60067]}]
Capabilities {acceptInsecureCerts: false, browserName: chrome, browserVersion: 114.0.5735.90, chrome: {chromedriverVersion: 113.0.5672.63 (0e1a4471d5ae..., userDataDir: C:\Users\DELL\AppData\Local...}, goog:chromeOptions: {debuggerAddress: localhost:54000}, networkConnectionEnabled: false, pageLoadStrategy: normal, platformName: WINDOWS, proxy: Proxy(), se:cdp: ws://localhost:54000/devtoo..., se:cdpVersion: 114.0.5735.90, setWindowRect: true, strictFileInteractability: false, timeouts: {implicit: 0, pageLoad: 300000, script: 30000}, unhandledPromptBehavior: dismiss and notify, webauthn:extension:credBlob: true, webauthn:extension:largeBlob: true, webauthn:extension:minPinLength: true, webauthn:extension:prf: true, webauthn:virtualAuthenticators: true}
Session ID: 238542ffb714593239dfb67173ed0846
at org.openqa.selenium.remote.codec.w3c.W3CHttpResponseCodec.createException(W3CHttpResponseCodec.java:200)
at org.openqa.selenium.remote.codec.w3c.W3CHttpResponseCodec.decode(W3CHttpResponseCodec.java:133)
at org.openqa.selenium.remote.codec.w3c.W3CHttpResponseCodec.decode(W3CHttpResponseCodec.java:53)
at org.openqa.selenium.remote.HttpCommandExecutor.execute(HttpCommandExecutor.java:193)
at org.openqa.selenium.remote.service.DriverCommandExecutor.invokeExecute(DriverCommandExecutor.java:183)
at org.openqa.selenium.remote.service.DriverCommandExecutor.execute(DriverCommandExecutor.java:158)
at org.openqa.selenium.remote.RemoteWebDriver.execute(RemoteWebDriver.java:543)
at org.openqa.selenium.remote.RemoteWebDriver.perform(RemoteWebDriver.java:611)
at org.openqa.selenium.interactions.Actions$BuiltAction.perform(Actions.java:567)
at selenium.scripts.SME.Aggregator.AggregatorToolSMEAssessmentDrilldownView.test_01SMEDetailsPage(AggregatorToolSMEAssessmentDrilldownView.java:42)
at java.base/java.util.ArrayList.forEach(ArrayList.java:1511)
... Removed 28 stack frames]]>
    </failure>
  </testcase> <!-- test_01SMEDetailsPage -->
  <testcase classname="selenium.scripts.SME.Aggregator.AggregatorToolAddandInviteSMEusers" name="test_04AddSMESuccessfulPage" time="0.004">
    <failure type="java.lang.NullPointerException" message="Cannot invoke &amp;quot;org.openqa.selenium.WebDriver.findElement(org.openqa.selenium.By)&amp;quot; because &amp;quot;selenium.scripts.SME.Aggregator.AggregatorToolAddandInviteSMEusers.driver&amp;quot; is null">
      <![CDATA[java.lang.NullPointerException: Cannot invoke "org.openqa.selenium.WebDriver.findElement(org.openqa.selenium.By)" because "selenium.scripts.SME.Aggregator.AggregatorToolAddandInviteSMEusers.driver" is null
at selenium.scripts.SME.Aggregator.AggregatorToolAddandInviteSMEusers.test_04AddSMESuccessfulPage(AggregatorToolAddandInviteSMEusers.java:74)
at java.base/java.util.ArrayList.forEach(ArrayList.java:1511)
... Removed 25 stack frames]]>
    </failure>
  </testcase> <!-- test_04AddSMESuccessfulPage -->
  <testcase classname="selenium.configuration.TestConfig" name="@BeforeTest init" time="0.0">
    <ignored/>
  </testcase> <!-- @BeforeTest init -->
  <testcase classname="selenium.scripts.SME.Aggregator.AggregatorToolAddandInviteSMEusers" name="test_02AddanSMEuserPage" time="0.0">
    <ignored/>
  </testcase> <!-- test_02AddanSMEuserPage -->
  <testcase classname="selenium.scripts.SME.Aggregator.AggregatorToolSMEAssessmentDrilldownView" name="test_06NavigateToPreviousPage" time="0.0">
    <ignored/>
  </testcase> <!-- test_06NavigateToPreviousPage -->
  <testcase classname="selenium.scripts.SME.Aggregator.AggregatorToolSMEAssessmentDrilldownView" name="test_03AssessmentResponseTab" time="0.0">
    <ignored/>
  </testcase> <!-- test_03AssessmentResponseTab -->
  <testcase classname="selenium.scripts.SME.Aggregator.AggregatorToolAddandInviteSMEusers" name="test_03ValidateEnteredDetails" time="0.0">
    <ignored/>
  </testcase> <!-- test_03ValidateEnteredDetails -->
  <testcase classname="selenium.scripts.SME.Aggregator.AggregatorToolSMEAssessmentDrilldownView" name="test_05IntaractHeaderOption" time="0.0">
    <ignored/>
  </testcase> <!-- test_05IntaractHeaderOption -->
  <testcase classname="selenium.scripts.SME.Aggregator.AggregatorToolAddandInviteSMEusers" name="test_05SMEDetailsTable" time="0.0">
    <ignored/>
  </testcase> <!-- test_05SMEDetailsTable -->
  <testcase classname="selenium.scripts.SME.Aggregator.AggregatorToolAddandInviteSMEusers" name="test_01AggregatorToolLandingPage" time="0.0">
    <ignored/>
  </testcase> <!-- test_01AggregatorToolLandingPage -->
</testsuite> <!-- Aggregator(failed)(failed)(failed)(failed) -->
